Folder 1: D:\VSProjects\escript-master
Folder 2: Core
01.ico [escript-master] 21.10.2018 21:03:43 = [Core] 21.10.2018 21:03:43
02.ico [escript-master] 21.10.2018 21:03:43 = [Core] 21.10.2018 21:03:43
Aero.cs [escript-master] 19.11.2018 22:03:52 = [Core] 19.11.2018 22:03:52
Cmd.cs [escript-master] 25.12.2018 15:58:00 = [Core] 25.12.2018 15:58:00
EVariable.cs [escript-master] 12.12.2018 23:34:14 = [Core] 12.12.2018 23:34:14
FileAssociation.cs [escript-master] 07.12.2018 17:35:11 = [Core] 07.12.2018 17:35:11
Functions.cs [escript-master] 25.12.2018 21:11:41 > [Core] 25.12.2018 15:59:44
GlobalVars.cs [escript-master] 25.12.2018 20:57:49 > [Core] 25.12.2018 15:28:53
Program.cs [escript-master] 26.12.2018 16:15:31 > [Core] 25.12.2018 15:42:57
Variables.cs [escript-master] 25.12.2018 20:09:41 > [Core] 25.12.2018 15:55:07
TCPConnection.cs [escript-master] 19.11.2018 15:16:58 = [Core] 19.11.2018 15:16:58
ConsoleMessageBox.cs [escript-master] 03.12.2018 18:15:16 = [Core] 03.12.2018 18:15:16
EConsole.cs [escript-master] 25.12.2018 15:28:53 = [Core] 25.12.2018 15:28:53
InstallScript.es [escript-master] 25.12.2018 20:09:41 > [Core] 10.12.2018 22:05:54
TemplateScript.es [escript-master] 21.11.2018 20:15:11 = [Core] 21.11.2018 20:15:11
ExampleFolder.es [escript-master] 17.11.2018 16:46:02 = [Core] 17.11.2018 16:46:02
InsertIcons.exe [escript-master] 06.11.2018 21:11:54 = [Core] 06.11.2018 21:11:54
ESCode.cs [escript-master] 25.12.2018 21:21:00 > [Core] 25.12.2018 15:28:53
UpdateScript.es [escript-master] 25.12.2018 20:09:41 > [Core] 12.12.2018 16:56:17
API.cs [escript-master] 02.12.2018 13:06:48 = [Core] 02.12.2018 13:06:48
Functions.es [escript-master] 13.12.2018 17:43:22 = [Core] 13.12.2018 17:43:22
EMethod.cs [escript-master] 03.12.2018 16:02:02 = [Core] 03.12.2018 16:02:02
EResult.cs [escript-master] 25.12.2018 15:58:00 = [Core] 25.12.2018 15:58:00
about.rtf [escript-master] 25.12.2018 17:11:40 > [Core] 25.12.2018 16:43:07
Done
